# JRE version: Java(TM) SE Runtime Environment (8.0_191-b12) (build 1.8.0_191-b12)
# Java VM: Java HotSpot(TM) 64-Bit Server VM (25.191-b12 mixed mode windows-amd64 compressed oops)
Heap:
 PSYoungGen      total 28160K, used 5179K [0x00000000e0900000, 0x00000000e3d80000, 0x0000000100000000)
  eden space 24064K, 4% used [0x00000000e0900000,0x00000000e0a13c50,0x00000000e2080000)
  from space 4096K, 99% used [0x00000000e2100000,0x00000000e24fb050,0x00000000e2500000)
  to   space 14848K, 0% used [0x00000000e2f00000,0x00000000e2f00000,0x00000000e3d80000)
 ParOldGen       total 65536K, used 14249K [0x00000000a1a00000, 0x00000000a5a00000, 0x00000000e0900000)
  object space 65536K, 21% used [0x00000000a1a00000,0x00000000a27ea6f8,0x00000000a5a00000)
 Metaspace       used 17955K, capacity 18590K, committed 18688K, reserved 1064960K
  class space    used 2346K, capacity 2544K, committed 2560K, reserved 1048576K
GC Heap History (10 events):
Event: 2.692 GC heap before
{Heap before GC invocations=1 (full 0):
 PSYoungGen      total 28672K, used 24576K [0x00000000e0900000, 0x00000000e2900000, 0x0000000100000000)
  eden space 24576K, 100% used [0x00000000e0900000,0x00000000e2100000,0x00000000e2100000)
  from space 4096K, 0% used [0x00000000e2500000,0x00000000e2500000,0x00000000e2900000)
  to   space 4096K, 0% used [0x00000000e2100000,0x00000000e2100000,0x00000000e2500000)
 ParOldGen       total 65536K, used 0K [0x00000000a1a00000, 0x00000000a5a00000, 0x00000000e0900000)
  object space 65536K, 0% used [0x00000000a1a00000,0x00000000a1a00000,0x00000000a5a00000)
 Metaspace       used 7789K, capacity 8082K, committed 8192K, reserved 1056768K
  class space    used 849K, capacity 951K, committed 1024K, reserved 1048576K
Event: 2.698 GC heap after
Heap after GC invocations=1 (full 0):
 PSYoungGen      total 28672K, used 2133K [0x00000000e0900000, 0x00000000e2900000, 0x0000000100000000)
  eden space 24576K, 0% used [0x00000000e0900000,0x00000000e0900000,0x00000000e2100000)
  from space 4096K, 52% used [0x00000000e2100000,0x00000000e23157b8,0x00000000e2500000)
  to   space 4096K, 0% used [0x00000000e2500000,0x00000000e2500000,0x00000000e2900000)
 ParOldGen       total 65536K, used 8K [0x00000000a1a00000, 0x00000000a5a00000, 0x00000000e0900000)
  object space 65536K, 0% used [0x00000000a1a00000,0x00000000a1a02000,0x00000000a5a00000)
 Metaspace       used 7789K, capacity 8082K, committed 8192K, reserved 1056768K
  class space    used 849K, capacity 951K, committed 1024K, reserved 1048576K
}
Event: 3.208 GC heap before
{Heap before GC invocations=2 (full 0):
 PSYoungGen      total 28672K, used 26695K [0x00000000e0900000, 0x00000000e2900000, 0x0000000100000000)
  eden space 24576K, 99% used [0x00000000e0900000,0x00000000e20fc6c0,0x00000000e2100000)
  from space 4096K, 52% used [0x00000000e2100000,0x00000000e23157b8,0x00000000e2500000)
  to   space 4096K, 0% used [0x00000000e2500000,0x00000000e2500000,0x00000000e2900000)
 ParOldGen       total 65536K, used 8K [0x00000000a1a00000, 0x00000000a5a00000, 0x00000000e0900000)
  object space 65536K, 0% used [0x00000000a1a00000,0x00000000a1a02000,0x00000000a5a00000)
 Metaspace       used 11261K, capacity 11622K, committed 11776K, reserved 1058816K
  class space    used 1322K, capacity 1459K, committed 1536K, reserved 1048576K
Event: 3.215 GC heap after
Heap after GC invocations=2 (full 0):
 PSYoungGen      total 28672K, used 2656K [0x00000000e0900000, 0x00000000e2900000, 0x0000000100000000)
  eden space 24576K, 0% used [0x00000000e0900000,0x00000000e0900000,0x00000000e2100000)
  from space 4096K, 64% used [0x00000000e2500000,0x00000000e2798050,0x00000000e2900000)
  to   space 4096K, 0% used [0x00000000e2100000,0x00000000e2100000,0x00000000e2500000)
 ParOldGen       total 65536K, used 16K [0x00000000a1a00000, 0x00000000a5a00000, 0x00000000e0900000)
  object space 65536K, 0% used [0x00000000a1a00000,0x00000000a1a04000,0x00000000a5a00000)
 Metaspace       used 11261K, capacity 11622K, committed 11776K, reserved 1058816K
  class space    used 1322K, capacity 1459K, committed 1536K, reserved 1048576K
}
Event: 4.408 GC heap before
{Heap before GC invocations=3 (full 0):
 PSYoungGen      total 28672K, used 27232K [0x00000000e0900000, 0x00000000e2900000, 0x0000000100000000)
  eden space 24576K, 100% used [0x00000000e0900000,0x00000000e2100000,0x00000000e2100000)
  from space 4096K, 64% used [0x00000000e2500000,0x00000000e2798050,0x00000000e2900000)
  to   space 4096K, 0% used [0x00000000e2100000,0x00000000e2100000,0x00000000e2500000)
 ParOldGen       total 65536K, used 16K [0x00000000a1a00000, 0x00000000a5a00000, 0x00000000e0900000)
  object space 65536K, 0% used [0x00000000a1a00000,0x00000000a1a04000,0x00000000a5a00000)
 Metaspace       used 14194K, capacity 14620K, committed 14976K, reserved 1062912K
  class space    used 1747K, capacity 1871K, committed 1920K, reserved 1048576K
Event: 4.422 GC heap after
Heap after GC invocations=3 (full 0):
 PSYoungGen      total 28672K, used 4064K [0x00000000e0900000, 0x00000000e2900000, 0x0000000100000000)
  eden space 24576K, 0% used [0x00000000e0900000,0x00000000e0900000,0x00000000e2100000)
  from space 4096K, 99% used [0x00000000e2100000,0x00000000e24f8040,0x00000000e2500000)
  to   space 4096K, 0% used [0x00000000e2500000,0x00000000e2500000,0x00000000e2900000)
 ParOldGen       total 65536K, used 655K [0x00000000a1a00000, 0x00000000a5a00000, 0x00000000e0900000)
  object space 65536K, 0% used [0x00000000a1a00000,0x00000000a1aa3c68,0x00000000a5a00000)
 Metaspace       used 14194K, capacity 14620K, committed 14976K, reserved 1062912K
  class space    used 1747K, capacity 1871K, committed 1920K, reserved 1048576K
}
Event: 5.003 GC heap before
{Heap before GC invocations=4 (full 0):
 PSYoungGen      total 28672K, used 24785K [0x00000000e0900000, 0x00000000e2900000, 0x0000000100000000)
  eden space 24576K, 84% used [0x00000000e0900000,0x00000000e1d3c750,0x00000000e2100000)
  from space 4096K, 99% used [0x00000000e2100000,0x00000000e24f8040,0x00000000e2500000)
  to   space 4096K, 0% used [0x00000000e2500000,0x00000000e2500000,0x00000000e2900000)
 ParOldGen       total 65536K, used 655K [0x00000000a1a00000, 0x00000000a5a00000, 0x00000000e0900000)
  object space 65536K, 0% used [0x00000000a1a00000,0x00000000a1aa3c68,0x00000000a5a00000)
 Metaspace       used 16404K, capacity 16884K, committed 17152K, reserved 1064960K
  class space    used 2130K, capacity 2293K, committed 2304K, reserved 1048576K
Event: 5.020 GC heap after
Heap after GC invocations=4 (full 0):
 PSYoungGen      total 28672K, used 4080K [0x00000000e0900000, 0x00000000e4100000, 0x0000000100000000)
  eden space 24576K, 0% used [0x00000000e0900000,0x00000000e0900000,0x00000000e2100000)
  from space 4096K, 99% used [0x00000000e2500000,0x00000000e28fc030,0x00000000e2900000)
  to   space 4096K, 0% used [0x00000000e2100000,0x00000000e2100000,0x00000000e2500000)
 ParOldGen       total 65536K, used 1063K [0x00000000a1a00000, 0x00000000a5a00000, 0x00000000e0900000)
  object space 65536K, 1% used [0x00000000a1a00000,0x00000000a1b09c68,0x00000000a5a00000)
 Metaspace       used 16404K, capacity 16884K, committed 17152K, reserved 1064960K
  class space    used 2130K, capacity 2293K, committed 2304K, reserved 1048576K
}
Event: 64.368 GC heap before
{Heap before GC invocations=5 (full 0):
 PSYoungGen      total 28672K, used 28656K [0x00000000e0900000, 0x00000000e4100000, 0x0000000100000000)
  eden space 24576K, 100% used [0x00000000e0900000,0x00000000e2100000,0x00000000e2100000)
  from space 4096K, 99% used [0x00000000e2500000,0x00000000e28fc030,0x00000000e2900000)
  to   space 4096K, 0% used [0x00000000e2100000,0x00000000e2100000,0x00000000e2500000)
 ParOldGen       total 65536K, used 1063K [0x00000000a1a00000, 0x00000000a5a00000, 0x00000000e0900000)
  object space 65536K, 1% used [0x00000000a1a00000,0x00000000a1b09c68,0x00000000a5a00000)
 Metaspace       used 17891K, capacity 18494K, committed 18688K, reserved 1064960K
  class space    used 2341K, capacity 2512K, committed 2560K, reserved 1048576K
Event: 64.386 GC heap after
Heap after GC invocations=5 (full 0):
 PSYoungGen      total 28160K, used 4076K [0x00000000e0900000, 0x00000000e3d80000, 0x0000000100000000)
  eden space 24064K, 0% used [0x00000000e0900000,0x00000000e0900000,0x00000000e2080000)
  from space 4096K, 99% used [0x00000000e2100000,0x00000000e24fb050,0x00000000e2500000)
  to   space 14848K, 0% used [0x00000000e2f00000,0x00000000e2f00000,0x00000000e3d80000)
 ParOldGen       total 65536K, used 14249K [0x00000000a1a00000, 0x00000000a5a00000, 0x00000000e0900000)
  object space 65536K, 21% used [0x00000000a1a00000,0x00000000a27ea6f8,0x00000000a5a00000)
 Metaspace       used 17891K, capacity 18494K, committed 18688K, reserved 1064960K
  class space    used 2341K, capacity 2512K, committed 2560K, reserved 1048576K
}

