# JRE version: Java(TM) SE Runtime Environment (8.0_191-b12) (build 1.8.0_191-b12)
# Java VM: Java HotSpot(TM) 64-Bit Server VM (25.191-b12 mixed mode windows-amd64 compressed oops)
Heap:
 PSYoungGen      total 61952K, used 8485K [0x00000000e0900000, 0x00000000e5500000, 0x0000000100000000)
  eden space 49152K, 3% used [0x00000000e0900000,0x00000000e0ae0a90,0x00000000e3900000)
  from space 12800K, 51% used [0x00000000e4880000,0x00000000e4ee8d10,0x00000000e5500000)
  to   space 14336K, 0% used [0x00000000e3900000,0x00000000e3900000,0x00000000e4700000)
 ParOldGen       total 65536K, used 15506K [0x00000000a1a00000, 0x00000000a5a00000, 0x00000000e0900000)
  object space 65536K, 23% used [0x00000000a1a00000,0x00000000a2924860,0x00000000a5a00000)
 Metaspace       used 19457K, capacity 20044K, committed 20352K, reserved 1067008K
  class space    used 2384K, capacity 2577K, committed 2688K, reserved 1048576K
GC Heap History (10 events):
Event: 2.244 GC heap before
{Heap before GC invocations=2 (full 0):
 PSYoungGen      total 28672K, used 26719K [0x00000000e0900000, 0x00000000e2900000, 0x0000000100000000)
  eden space 24576K, 100% used [0x00000000e0900000,0x00000000e2100000,0x00000000e2100000)
  from space 4096K, 52% used [0x00000000e2100000,0x00000000e2317f70,0x00000000e2500000)
  to   space 4096K, 0% used [0x00000000e2500000,0x00000000e2500000,0x00000000e2900000)
 ParOldGen       total 65536K, used 8K [0x00000000a1a00000, 0x00000000a5a00000, 0x00000000e0900000)
  object space 65536K, 0% used [0x00000000a1a00000,0x00000000a1a02000,0x00000000a5a00000)
 Metaspace       used 11252K, capacity 11636K, committed 11776K, reserved 1058816K
  class space    used 1329K, capacity 1463K, committed 1536K, reserved 1048576K
Event: 2.251 GC heap after
Heap after GC invocations=2 (full 0):
 PSYoungGen      total 28672K, used 2768K [0x00000000e0900000, 0x00000000e2900000, 0x0000000100000000)
  eden space 24576K, 0% used [0x00000000e0900000,0x00000000e0900000,0x00000000e2100000)
  from space 4096K, 67% used [0x00000000e2500000,0x00000000e27b4040,0x00000000e2900000)
  to   space 4096K, 0% used [0x00000000e2100000,0x00000000e2100000,0x00000000e2500000)
 ParOldGen       total 65536K, used 16K [0x00000000a1a00000, 0x00000000a5a00000, 0x00000000e0900000)
  object space 65536K, 0% used [0x00000000a1a00000,0x00000000a1a04000,0x00000000a5a00000)
 Metaspace       used 11252K, capacity 11636K, committed 11776K, reserved 1058816K
  class space    used 1329K, capacity 1463K, committed 1536K, reserved 1048576K
}
Event: 3.501 GC heap before
{Heap before GC invocations=3 (full 0):
 PSYoungGen      total 28672K, used 27344K [0x00000000e0900000, 0x00000000e2900000, 0x0000000100000000)
  eden space 24576K, 100% used [0x00000000e0900000,0x00000000e2100000,0x00000000e2100000)
  from space 4096K, 67% used [0x00000000e2500000,0x00000000e27b4040,0x00000000e2900000)
  to   space 4096K, 0% used [0x00000000e2100000,0x00000000e2100000,0x00000000e2500000)
 ParOldGen       total 65536K, used 16K [0x00000000a1a00000, 0x00000000a5a00000, 0x00000000e0900000)
  object space 65536K, 0% used [0x00000000a1a00000,0x00000000a1a04000,0x00000000a5a00000)
 Metaspace       used 14199K, capacity 14560K, committed 14720K, reserved 1062912K
  class space    used 1754K, capacity 1871K, committed 1920K, reserved 1048576K
Event: 3.511 GC heap after
Heap after GC invocations=3 (full 0):
 PSYoungGen      total 28672K, used 4080K [0x00000000e0900000, 0x00000000e2900000, 0x0000000100000000)
  eden space 24576K, 0% used [0x00000000e0900000,0x00000000e0900000,0x00000000e2100000)
  from space 4096K, 99% used [0x00000000e2100000,0x00000000e24fc050,0x00000000e2500000)
  to   space 4096K, 0% used [0x00000000e2500000,0x00000000e2500000,0x00000000e2900000)
 ParOldGen       total 65536K, used 621K [0x00000000a1a00000, 0x00000000a5a00000, 0x00000000e0900000)
  object space 65536K, 0% used [0x00000000a1a00000,0x00000000a1a9b4a0,0x00000000a5a00000)
 Metaspace       used 14199K, capacity 14560K, committed 14720K, reserved 1062912K
  class space    used 1754K, capacity 1871K, committed 1920K, reserved 1048576K
}
Event: 4.230 GC heap before
{Heap before GC invocations=4 (full 0):
 PSYoungGen      total 28672K, used 24570K [0x00000000e0900000, 0x00000000e2900000, 0x0000000100000000)
  eden space 24576K, 83% used [0x00000000e0900000,0x00000000e1d02a98,0x00000000e2100000)
  from space 4096K, 99% used [0x00000000e2100000,0x00000000e24fc050,0x00000000e2500000)
  to   space 4096K, 0% used [0x00000000e2500000,0x00000000e2500000,0x00000000e2900000)
 ParOldGen       total 65536K, used 621K [0x00000000a1a00000, 0x00000000a5a00000, 0x00000000e0900000)
  object space 65536K, 0% used [0x00000000a1a00000,0x00000000a1a9b4a0,0x00000000a5a00000)
 Metaspace       used 16403K, capacity 16948K, committed 17152K, reserved 1064960K
  class space    used 2124K, capacity 2293K, committed 2304K, reserved 1048576K
Event: 4.240 GC heap after
Heap after GC invocations=4 (full 0):
 PSYoungGen      total 28672K, used 4080K [0x00000000e0900000, 0x00000000e2900000, 0x0000000100000000)
  eden space 24576K, 0% used [0x00000000e0900000,0x00000000e0900000,0x00000000e2100000)
  from space 4096K, 99% used [0x00000000e2500000,0x00000000e28fc030,0x00000000e2900000)
  to   space 4096K, 0% used [0x00000000e2100000,0x00000000e2100000,0x00000000e2500000)
 ParOldGen       total 65536K, used 1077K [0x00000000a1a00000, 0x00000000a5a00000, 0x00000000e0900000)
  object space 65536K, 1% used [0x00000000a1a00000,0x00000000a1b0d4a0,0x00000000a5a00000)
 Metaspace       used 16403K, capacity 16948K, committed 17152K, reserved 1064960K
  class space    used 2124K, capacity 2293K, committed 2304K, reserved 1048576K
}
Event: 4.739 GC heap before
{Heap before GC invocations=5 (full 0):
 PSYoungGen      total 28672K, used 28656K [0x00000000e0900000, 0x00000000e2900000, 0x0000000100000000)
  eden space 24576K, 100% used [0x00000000e0900000,0x00000000e2100000,0x00000000e2100000)
  from space 4096K, 99% used [0x00000000e2500000,0x00000000e28fc030,0x00000000e2900000)
  to   space 4096K, 0% used [0x00000000e2100000,0x00000000e2100000,0x00000000e2500000)
 ParOldGen       total 65536K, used 1077K [0x00000000a1a00000, 0x00000000a5a00000, 0x00000000e0900000)
  object space 65536K, 1% used [0x00000000a1a00000,0x00000000a1b0d4a0,0x00000000a5a00000)
 Metaspace       used 17520K, capacity 18076K, committed 18176K, reserved 1064960K
  class space    used 2304K, capacity 2493K, committed 2560K, reserved 1048576K
Event: 4.776 GC heap after
Heap after GC invocations=5 (full 0):
 PSYoungGen      total 28672K, used 4079K [0x00000000e0900000, 0x00000000e5800000, 0x0000000100000000)
  eden space 24576K, 0% used [0x00000000e0900000,0x00000000e0900000,0x00000000e2100000)
  from space 4096K, 99% used [0x00000000e2100000,0x00000000e24fbce0,0x00000000e2500000)
  to   space 15872K, 0% used [0x00000000e4880000,0x00000000e4880000,0x00000000e5800000)
 ParOldGen       total 65536K, used 15498K [0x00000000a1a00000, 0x00000000a5a00000, 0x00000000e0900000)
  object space 65536K, 23% used [0x00000000a1a00000,0x00000000a2922860,0x00000000a5a00000)
 Metaspace       used 17520K, capacity 18076K, committed 18176K, reserved 1064960K
  class space    used 2304K, capacity 2493K, committed 2560K, reserved 1048576K
}
Event: 2931.990 GC heap before
{Heap before GC invocations=6 (full 0):
 PSYoungGen      total 28672K, used 28655K [0x00000000e0900000, 0x00000000e5800000, 0x0000000100000000)
  eden space 24576K, 100% used [0x00000000e0900000,0x00000000e2100000,0x00000000e2100000)
  from space 4096K, 99% used [0x00000000e2100000,0x00000000e24fbce0,0x00000000e2500000)
  to   space 15872K, 0% used [0x00000000e4880000,0x00000000e4880000,0x00000000e5800000)
 ParOldGen       total 65536K, used 15498K [0x00000000a1a00000, 0x00000000a5a00000, 0x00000000e0900000)
  object space 65536K, 23% used [0x00000000a1a00000,0x00000000a2922860,0x00000000a5a00000)
 Metaspace       used 19380K, capacity 19980K, committed 20352K, reserved 1067008K
  class space    used 2377K, capacity 2577K, committed 2688K, reserved 1048576K
Event: 2932.198 GC heap after
Heap after GC invocations=6 (full 0):
 PSYoungGen      total 61952K, used 6563K [0x00000000e0900000, 0x00000000e5500000, 0x0000000100000000)
  eden space 49152K, 0% used [0x00000000e0900000,0x00000000e0900000,0x00000000e3900000)
  from space 12800K, 51% used [0x00000000e4880000,0x00000000e4ee8d10,0x00000000e5500000)
  to   space 14336K, 0% used [0x00000000e3900000,0x00000000e3900000,0x00000000e4700000)
 ParOldGen       total 65536K, used 15506K [0x00000000a1a00000, 0x00000000a5a00000, 0x00000000e0900000)
  object space 65536K, 23% used [0x00000000a1a00000,0x00000000a2924860,0x00000000a5a00000)
 Metaspace       used 19380K, capacity 19980K, committed 20352K, reserved 1067008K
  class space    used 2377K, capacity 2577K, committed 2688K, reserved 1048576K
}

